  main.cpp
C:\Users\Jack\Desktop\Shapes\Shapes\Shapes\src\main.cpp(106,25): warning C4267: 'initializing': conversion from 'size_t' to 'int', possible loss of data
C:\Users\Jack\Desktop\Shapes\Shapes\Shapes\src\main.cpp(194,76): warning C4244: 'argument': conversion from 'float' to 'sf::Uint8', possible loss of data
C:\Users\Jack\Desktop\Shapes\Shapes\Shapes\src\main.cpp(194,62): warning C4244: 'argument': conversion from 'float' to 'sf::Uint8', possible loss of data
C:\Users\Jack\Desktop\Shapes\Shapes\Shapes\src\main.cpp(194,48): warning C4244: 'argument': conversion from 'float' to 'sf::Uint8', possible loss of data
C:\Users\Jack\Desktop\Shapes\Shapes\Shapes\src\main.cpp(199,17): warning C4244: 'initializing': conversion from 'T' to 'int', possible loss of data
C:\Users\Jack\Desktop\Shapes\Shapes\Shapes\src\main.cpp(199,17): warning C4244:         with
C:\Users\Jack\Desktop\Shapes\Shapes\Shapes\src\main.cpp(199,17): warning C4244:         [
C:\Users\Jack\Desktop\Shapes\Shapes\Shapes\src\main.cpp(199,17): warning C4244:             T=float
C:\Users\Jack\Desktop\Shapes\Shapes\Shapes\src\main.cpp(199,17): warning C4244:         ]
C:\Users\Jack\Desktop\Shapes\Shapes\Shapes\src\main.cpp(200,17): warning C4244: 'initializing': conversion from 'T' to 'int', possible loss of data
C:\Users\Jack\Desktop\Shapes\Shapes\Shapes\src\main.cpp(200,17): warning C4244:         with
C:\Users\Jack\Desktop\Shapes\Shapes\Shapes\src\main.cpp(200,17): warning C4244:         [
C:\Users\Jack\Desktop\Shapes\Shapes\Shapes\src\main.cpp(200,17): warning C4244:             T=float
C:\Users\Jack\Desktop\Shapes\Shapes\Shapes\src\main.cpp(200,17): warning C4244:         ]
C:\Users\Jack\Desktop\Shapes\Shapes\Shapes\src\main.cpp(203,42): warning C4244: '=': conversion from 'const T' to 'int', possible loss of data
C:\Users\Jack\Desktop\Shapes\Shapes\Shapes\src\main.cpp(203,42): warning C4244:         with
C:\Users\Jack\Desktop\Shapes\Shapes\Shapes\src\main.cpp(203,42): warning C4244:         [
C:\Users\Jack\Desktop\Shapes\Shapes\Shapes\src\main.cpp(203,42): warning C4244:             T=float
C:\Users\Jack\Desktop\Shapes\Shapes\Shapes\src\main.cpp(203,42): warning C4244:         ]
C:\Users\Jack\Desktop\Shapes\Shapes\Shapes\src\main.cpp(207,42): warning C4244: '=': conversion from 'const T' to 'int', possible loss of data
C:\Users\Jack\Desktop\Shapes\Shapes\Shapes\src\main.cpp(207,42): warning C4244:         with
C:\Users\Jack\Desktop\Shapes\Shapes\Shapes\src\main.cpp(207,42): warning C4244:         [
C:\Users\Jack\Desktop\Shapes\Shapes\Shapes\src\main.cpp(207,42): warning C4244:             T=float
C:\Users\Jack\Desktop\Shapes\Shapes\Shapes\src\main.cpp(207,42): warning C4244:         ]
C:\Users\Jack\Desktop\Shapes\Shapes\Shapes\src\main.cpp(209,39): warning C4244: 'argument': conversion from 'int' to 'float', possible loss of data
C:\Users\Jack\Desktop\Shapes\Shapes\Shapes\src\main.cpp(209,30): warning C4244: 'argument': conversion from 'int' to 'float', possible loss of data
C:\Users\Jack\Desktop\Shapes\Shapes\Shapes\src\main.cpp(219,73): warning C4244: 'argument': conversion from 'float' to 'sf::Uint8', possible loss of data
C:\Users\Jack\Desktop\Shapes\Shapes\Shapes\src\main.cpp(219,59): warning C4244: 'argument': conversion from 'float' to 'sf::Uint8', possible loss of data
C:\Users\Jack\Desktop\Shapes\Shapes\Shapes\src\main.cpp(219,45): warning C4244: 'argument': conversion from 'float' to 'sf::Uint8', possible loss of data
C:\Users\Jack\Desktop\Shapes\Shapes\Shapes\src\main.cpp(225,17): warning C4244: 'initializing': conversion from 'T' to 'int', possible loss of data
C:\Users\Jack\Desktop\Shapes\Shapes\Shapes\src\main.cpp(225,17): warning C4244:         with
C:\Users\Jack\Desktop\Shapes\Shapes\Shapes\src\main.cpp(225,17): warning C4244:         [
C:\Users\Jack\Desktop\Shapes\Shapes\Shapes\src\main.cpp(225,17): warning C4244:             T=float
C:\Users\Jack\Desktop\Shapes\Shapes\Shapes\src\main.cpp(225,17): warning C4244:         ]
C:\Users\Jack\Desktop\Shapes\Shapes\Shapes\src\main.cpp(226,17): warning C4244: 'initializing': conversion from 'T' to 'int', possible loss of data
C:\Users\Jack\Desktop\Shapes\Shapes\Shapes\src\main.cpp(226,17): warning C4244:         with
C:\Users\Jack\Desktop\Shapes\Shapes\Shapes\src\main.cpp(226,17): warning C4244:         [
C:\Users\Jack\Desktop\Shapes\Shapes\Shapes\src\main.cpp(226,17): warning C4244:             T=float
C:\Users\Jack\Desktop\Shapes\Shapes\Shapes\src\main.cpp(226,17): warning C4244:         ]
C:\Users\Jack\Desktop\Shapes\Shapes\Shapes\src\main.cpp(230,39): warning C4244: '=': conversion from 'const T' to 'int', possible loss of data
C:\Users\Jack\Desktop\Shapes\Shapes\Shapes\src\main.cpp(230,39): warning C4244:         with
C:\Users\Jack\Desktop\Shapes\Shapes\Shapes\src\main.cpp(230,39): warning C4244:         [
C:\Users\Jack\Desktop\Shapes\Shapes\Shapes\src\main.cpp(230,39): warning C4244:             T=float
C:\Users\Jack\Desktop\Shapes\Shapes\Shapes\src\main.cpp(230,39): warning C4244:         ]
C:\Users\Jack\Desktop\Shapes\Shapes\Shapes\src\main.cpp(234,39): warning C4244: '=': conversion from 'const T' to 'int', possible loss of data
C:\Users\Jack\Desktop\Shapes\Shapes\Shapes\src\main.cpp(234,39): warning C4244:         with
C:\Users\Jack\Desktop\Shapes\Shapes\Shapes\src\main.cpp(234,39): warning C4244:         [
C:\Users\Jack\Desktop\Shapes\Shapes\Shapes\src\main.cpp(234,39): warning C4244:             T=float
C:\Users\Jack\Desktop\Shapes\Shapes\Shapes\src\main.cpp(234,39): warning C4244:         ]
  Shape.cpp
  imgui-SFML.cpp
  imgui_impl_opengl3.cpp
  imgui.cpp
  imgui_demo.cpp
  imgui_draw.cpp
  imgui_tables.cpp
  imgui_widgets.cpp
  Generating code
  Previous IPDB and IOBJ mismatch, fall back to full compilation.
  All 2059 functions were compiled because no usable IPDB/IOBJ from previous compilation was found.
  Finished generating code
  Shapes.vcxproj -> C:\Users\Jack\Desktop\Shapes\Shapes\x64\Release\Shapes.exe
