c:\users\jack\desktop\shapes\shapes\shapes\x64\release\vc143.pdb
c:\users\jack\desktop\shapes\shapes\shapes\x64\release\imgui_widgets.obj
c:\users\jack\desktop\shapes\shapes\shapes\x64\release\imgui_tables.obj
c:\users\jack\desktop\shapes\shapes\shapes\x64\release\imgui_draw.obj
c:\users\jack\desktop\shapes\shapes\shapes\x64\release\imgui_demo.obj
c:\users\jack\desktop\shapes\shapes\shapes\x64\release\imgui.obj
c:\users\jack\desktop\shapes\shapes\shapes\x64\release\main.obj
c:\users\jack\desktop\shapes\shapes\shapes\x64\release\imgui_impl_opengl3.obj
c:\users\jack\desktop\shapes\shapes\shapes\x64\release\imgui-sfml.obj
c:\users\jack\desktop\shapes\shapes\x64\release\shapes.exe
c:\users\jack\desktop\shapes\shapes\x64\release\shapes.pdb
c:\users\jack\desktop\shapes\shapes\shapes\x64\release\shapes.ipdb
c:\users\jack\desktop\shapes\shapes\shapes\x64\release\shapes.iobj
c:\users\jack\desktop\shapes\shapes\shapes\x64\release\shapes.tlog\cl.command.1.tlog
c:\users\jack\desktop\shapes\shapes\shapes\x64\release\shapes.tlog\cl.items.tlog
c:\users\jack\desktop\shapes\shapes\shapes\x64\release\shapes.tlog\cl.read.1.tlog
c:\users\jack\desktop\shapes\shapes\shapes\x64\release\shapes.tlog\cl.write.1.tlog
c:\users\jack\desktop\shapes\shapes\shapes\x64\release\shapes.tlog\link.command.1.tlog
c:\users\jack\desktop\shapes\shapes\shapes\x64\release\shapes.tlog\link.read.1.tlog
c:\users\jack\desktop\shapes\shapes\shapes\x64\release\shapes.tlog\link.secondary.1.tlog
c:\users\jack\desktop\shapes\shapes\shapes\x64\release\shapes.tlog\link.write.1.tlog
